{
  "stats": {
    "suites": 5,
    "tests": 8,
    "passes": 8,
    "pending": 0,
    "failures": 0,
    "start": "2023-10-24T14:32:10.340Z",
    "end": "2023-10-24T14:32:12.886Z",
    "duration": 2546,
    "testsRegistered": 8,
    "passPercent": 100,
    "pendingPercent": 0,
    "other": 0,
    "hasOther": false,
    "skipped": 0,
    "hasSkipped": false
  },
  "results": [
    {
      "uuid": "393f8f2f-ccb2-4137-b043-eb8642ff9df9",
      "title": "",
      "fullFile": "",
      "file": "",
      "beforeHooks": [],
      "afterHooks": [],
      "tests": [],
      "suites": [
        {
          "uuid": "7f6c0c5c-f1d6-4546-a23c-93f616a562a4",
          "title": "Chai Assert for get data all users",
          "fullFile": "C:\\Dev\\MySkill\\MySkill - Quality Assurance\\studyCase-JavascriptAPI-reqres_in\\test\\chaiAssert.js",
          "file": "\\test\\chaiAssert.js",
          "beforeHooks": [],
          "afterHooks": [],
          "tests": [
            {
              "title": "response status equal to 200 ok",
              "fullTitle": "Chai Assert for get data all users response status equal to 200 ok",
              "timedOut": false,
              "duration": 249,
              "state": "passed",
              "speed": "slow",
              "pass": true,
              "fail": false,
              "pending": false,
              "context": null,
              "code": "// Check response status harus sama dengan 200\nexpect((await response).status).to.equal(200)",
              "err": {},
              "uuid": "fcd91432-ad02-4e71-bc2f-148740731111",
              "parentUUID": "7f6c0c5c-f1d6-4546-a23c-93f616a562a4",
              "isHook": false,
              "skipped": false
            },
            {
              "title": "response body to haveOwnProperty",
              "fullTitle": "Chai Assert for get data all users response body to haveOwnProperty",
              "timedOut": false,
              "duration": 2,
              "state": "passed",
              "speed": "fast",
              "pass": true,
              "fail": false,
              "pending": false,
              "context": null,
              "code": "// Expert dalam body response terdapat value 'message'\nexpect((await response).body).to.haveOwnProperty(`data`)",
              "err": {},
              "uuid": "dd2c44e7-0a37-4281-a788-80289346832d",
              "parentUUID": "7f6c0c5c-f1d6-4546-a23c-93f616a562a4",
              "isHook": false,
              "skipped": false
            }
          ],
          "suites": [],
          "passes": [
            "fcd91432-ad02-4e71-bc2f-148740731111",
            "dd2c44e7-0a37-4281-a788-80289346832d"
          ],
          "failures": [],
          "pending": [],
          "skipped": [],
          "duration": 251,
          "root": false,
          "rootEmpty": false,
          "_timeout": 2000
        },
        {
          "uuid": "19a82a14-b0fe-4922-9114-b562d2c6bfc8",
          "title": "Chai Assert for add new user",
          "fullFile": "C:\\Dev\\MySkill\\MySkill - Quality Assurance\\studyCase-JavascriptAPI-reqres_in\\test\\chaiAssert.js",
          "file": "\\test\\chaiAssert.js",
          "beforeHooks": [],
          "afterHooks": [],
          "tests": [
            {
              "title": "response status equal to 201 ok",
              "fullTitle": "Chai Assert for add new user response status equal to 201 ok",
              "timedOut": false,
              "duration": 1059,
              "state": "passed",
              "speed": "slow",
              "pass": true,
              "fail": false,
              "pending": false,
              "context": null,
              "code": "// Check response status harus sama dengan 201\nexpect((await response).status).to.equal(201)",
              "err": {},
              "uuid": "adcc597d-38a5-4abf-a14b-5fc5625f1d34",
              "parentUUID": "19a82a14-b0fe-4922-9114-b562d2c6bfc8",
              "isHook": false,
              "skipped": false
            },
            {
              "title": "response to have value",
              "fullTitle": "Chai Assert for add new user response to have value",
              "timedOut": false,
              "duration": 0,
              "state": "passed",
              "speed": "fast",
              "pass": true,
              "fail": false,
              "pending": false,
              "context": null,
              "code": "// Check response jika terdapat value\nexpect((await response).body)",
              "err": {},
              "uuid": "6c25f983-35ac-4f7f-a13e-e8f359d8ee62",
              "parentUUID": "19a82a14-b0fe-4922-9114-b562d2c6bfc8",
              "isHook": false,
              "skipped": false
            }
          ],
          "suites": [],
          "passes": [
            "adcc597d-38a5-4abf-a14b-5fc5625f1d34",
            "6c25f983-35ac-4f7f-a13e-e8f359d8ee62"
          ],
          "failures": [],
          "pending": [],
          "skipped": [],
          "duration": 1059,
          "root": false,
          "rootEmpty": false,
          "_timeout": 2000
        },
        {
          "uuid": "aa2aec56-6aa0-4c9d-9b21-cdbb3b3f33c7",
          "title": "Get request",
          "fullFile": "C:\\Dev\\MySkill\\MySkill - Quality Assurance\\studyCase-JavascriptAPI-reqres_in\\test\\getData.js",
          "file": "\\test\\getData.js",
          "beforeHooks": [],
          "afterHooks": [],
          "tests": [
            {
              "title": "Find List User",
              "fullTitle": "Get request Find List User",
              "timedOut": false,
              "duration": 109,
              "state": "passed",
              "speed": "slow",
              "pass": true,
              "fail": false,
              "pending": false,
              "context": null,
              "code": "const response = request(server())\n.get('api/users')\nconsole.log((await response).status)\nconsole.log((await response).body)",
              "err": {},
              "uuid": "0b4bac09-f858-4802-ab76-65da63336965",
              "parentUUID": "aa2aec56-6aa0-4c9d-9b21-cdbb3b3f33c7",
              "isHook": false,
              "skipped": false
            }
          ],
          "suites": [],
          "passes": [
            "0b4bac09-f858-4802-ab76-65da63336965"
          ],
          "failures": [],
          "pending": [],
          "skipped": [],
          "duration": 109,
          "root": false,
          "rootEmpty": false,
          "_timeout": 2000
        },
        {
          "uuid": "91520e39-4cfb-4fcb-b5bc-35445b0dcd14",
          "title": "App",
          "fullFile": "C:\\Dev\\MySkill\\MySkill - Quality Assurance\\studyCase-JavascriptAPI-reqres_in\\test\\helloWorld.js",
          "file": "\\test\\helloWorld.js",
          "beforeHooks": [],
          "afterHooks": [],
          "tests": [
            {
              "title": "app should return welcome message",
              "fullTitle": "App app should return welcome message",
              "timedOut": false,
              "duration": 1,
              "state": "passed",
              "speed": "fast",
              "pass": true,
              "fail": false,
              "pending": false,
              "context": null,
              "code": "assert.equal(app(), \"Hello World\")",
              "err": {},
              "uuid": "1b5f5760-1656-4d14-a0ff-87bce34d8b2b",
              "parentUUID": "91520e39-4cfb-4fcb-b5bc-35445b0dcd14",
              "isHook": false,
              "skipped": false
            },
            {
              "title": "app data type is string",
              "fullTitle": "App app data type is string",
              "timedOut": false,
              "duration": 1,
              "state": "passed",
              "speed": "fast",
              "pass": true,
              "fail": false,
              "pending": false,
              "context": null,
              "code": "let response = app();\nassert.typeOf(response,'string')",
              "err": {},
              "uuid": "25d34c14-f91f-405e-8f9b-d42192559b25",
              "parentUUID": "91520e39-4cfb-4fcb-b5bc-35445b0dcd14",
              "isHook": false,
              "skipped": false
            }
          ],
          "suites": [],
          "passes": [
            "1b5f5760-1656-4d14-a0ff-87bce34d8b2b",
            "25d34c14-f91f-405e-8f9b-d42192559b25"
          ],
          "failures": [],
          "pending": [],
          "skipped": [],
          "duration": 2,
          "root": false,
          "rootEmpty": false,
          "_timeout": 2000
        },
        {
          "uuid": "d7ae3a45-5145-464e-9732-ad7ce9682d8b",
          "title": "Post Request for Create User",
          "fullFile": "C:\\Dev\\MySkill\\MySkill - Quality Assurance\\studyCase-JavascriptAPI-reqres_in\\test\\postDataUser.js",
          "file": "\\test\\postDataUser.js",
          "beforeHooks": [],
          "afterHooks": [],
          "tests": [
            {
              "title": "Success create user",
              "fullTitle": "Post Request for Create User Success create user",
              "timedOut": false,
              "duration": 1099,
              "state": "passed",
              "speed": "slow",
              "pass": true,
              "fail": false,
              "pending": false,
              "context": null,
              "code": "const response = request(server()).post(\"api/users\").send(DATA.CREATE_USER_DATA);\nconsole.log((await response).status);\nconsole.log((await response).body);",
              "err": {},
              "uuid": "10ea32c9-4ec3-4ec5-b87c-34c4eec93624",
              "parentUUID": "d7ae3a45-5145-464e-9732-ad7ce9682d8b",
              "isHook": false,
              "skipped": false
            }
          ],
          "suites": [],
          "passes": [
            "10ea32c9-4ec3-4ec5-b87c-34c4eec93624"
          ],
          "failures": [],
          "pending": [],
          "skipped": [],
          "duration": 1099,
          "root": false,
          "rootEmpty": false,
          "_timeout": 2000
        }
      ],
      "passes": [],
      "failures": [],
      "pending": [],
      "skipped": [],
      "duration": 0,
      "root": true,
      "rootEmpty": true,
      "_timeout": 2000
    }
  ],
  "meta": {
    "mocha": {
      "version": "10.2.0"
    },
    "mochawesome": {
      "options": {
        "quiet": false,
        "reportFilename": "mochawesome",
        "saveHtml": true,
        "saveJson": true,
        "consoleReporter": "spec",
        "useInlineDiffs": false,
        "code": true
      },
      "version": "7.1.3"
    },
    "marge": {
      "options": null,
      "version": "6.2.0"
    }
  }
}