{
  "stats": {
    "suites": 6,
    "tests": 9,
    "passes": 9,
    "pending": 0,
    "failures": 0,
    "start": "2023-10-24T15:11:22.535Z",
    "end": "2023-10-24T15:11:27.264Z",
    "duration": 4729,
    "testsRegistered": 9,
    "passPercent": 100,
    "pendingPercent": 0,
    "other": 0,
    "hasOther": false,
    "skipped": 0,
    "hasSkipped": false
  },
  "results": [
    {
      "uuid": "4203f9eb-dd3c-46ce-bb9a-c90c04e9ef95",
      "title": "",
      "fullFile": "",
      "file": "",
      "beforeHooks": [],
      "afterHooks": [],
      "tests": [],
      "suites": [
        {
          "uuid": "fe1bf135-f0ae-4488-8f8b-85ddddfdbbb3",
          "title": "Chai Assert for get data all users",
          "fullFile": "C:\\Dev\\MySkill\\MySkill - Quality Assurance\\studyCase-JavascriptAPI-reqres_in\\test\\chaiAssert.js",
          "file": "\\test\\chaiAssert.js",
          "beforeHooks": [],
          "afterHooks": [],
          "tests": [
            {
              "title": "response status equal to 200 ok",
              "fullTitle": "Chai Assert for get data all users response status equal to 200 ok",
              "timedOut": false,
              "duration": 1311,
              "state": "passed",
              "speed": "slow",
              "pass": true,
              "fail": false,
              "pending": false,
              "context": null,
              "code": "// Check response status harus sama dengan 200\nexpect((await response).status).to.equal(200)",
              "err": {},
              "uuid": "44392f86-4ac2-41bf-81d0-38ff84c8bd5c",
              "parentUUID": "fe1bf135-f0ae-4488-8f8b-85ddddfdbbb3",
              "isHook": false,
              "skipped": false
            },
            {
              "title": "response body to haveOwnProperty",
              "fullTitle": "Chai Assert for get data all users response body to haveOwnProperty",
              "timedOut": false,
              "duration": 1,
              "state": "passed",
              "speed": "fast",
              "pass": true,
              "fail": false,
              "pending": false,
              "context": null,
              "code": "// Expert dalam body response terdapat value 'message'\nexpect((await response).body).to.haveOwnProperty(`data`)",
              "err": {},
              "uuid": "c02cd17c-1385-4803-b5dc-39eab8464d56",
              "parentUUID": "fe1bf135-f0ae-4488-8f8b-85ddddfdbbb3",
              "isHook": false,
              "skipped": false
            }
          ],
          "suites": [],
          "passes": [
            "44392f86-4ac2-41bf-81d0-38ff84c8bd5c",
            "c02cd17c-1385-4803-b5dc-39eab8464d56"
          ],
          "failures": [],
          "pending": [],
          "skipped": [],
          "duration": 1312,
          "root": false,
          "rootEmpty": false,
          "_timeout": 2000
        },
        {
          "uuid": "17e8900a-d264-4a1b-86ca-c0804abd89ca",
          "title": "Chai Assert for add new user",
          "fullFile": "C:\\Dev\\MySkill\\MySkill - Quality Assurance\\studyCase-JavascriptAPI-reqres_in\\test\\chaiAssert.js",
          "file": "\\test\\chaiAssert.js",
          "beforeHooks": [],
          "afterHooks": [],
          "tests": [
            {
              "title": "response status equal to 201 ok",
              "fullTitle": "Chai Assert for add new user response status equal to 201 ok",
              "timedOut": false,
              "duration": 1107,
              "state": "passed",
              "speed": "slow",
              "pass": true,
              "fail": false,
              "pending": false,
              "context": null,
              "code": "// Check response status harus sama dengan 201\nexpect((await response).status).to.equal(201)",
              "err": {},
              "uuid": "5b7c2fd6-289b-4da3-983c-05f3a13b35ea",
              "parentUUID": "17e8900a-d264-4a1b-86ca-c0804abd89ca",
              "isHook": false,
              "skipped": false
            },
            {
              "title": "response to have value",
              "fullTitle": "Chai Assert for add new user response to have value",
              "timedOut": false,
              "duration": 0,
              "state": "passed",
              "speed": "fast",
              "pass": true,
              "fail": false,
              "pending": false,
              "context": null,
              "code": "// Check response jika terdapat value\nexpect((await response).body)",
              "err": {},
              "uuid": "447f731c-a1dd-4e68-9881-e2aa635b9de4",
              "parentUUID": "17e8900a-d264-4a1b-86ca-c0804abd89ca",
              "isHook": false,
              "skipped": false
            }
          ],
          "suites": [],
          "passes": [
            "5b7c2fd6-289b-4da3-983c-05f3a13b35ea",
            "447f731c-a1dd-4e68-9881-e2aa635b9de4"
          ],
          "failures": [],
          "pending": [],
          "skipped": [],
          "duration": 1107,
          "root": false,
          "rootEmpty": false,
          "_timeout": 2000
        },
        {
          "uuid": "3aa65f4c-8c7e-484a-8e74-7f0b059d0da6",
          "title": "Get request",
          "fullFile": "C:\\Dev\\MySkill\\MySkill - Quality Assurance\\studyCase-JavascriptAPI-reqres_in\\test\\getData.js",
          "file": "\\test\\getData.js",
          "beforeHooks": [],
          "afterHooks": [],
          "tests": [
            {
              "title": "Find List User",
              "fullTitle": "Get request Find List User",
              "timedOut": false,
              "duration": 111,
              "state": "passed",
              "speed": "slow",
              "pass": true,
              "fail": false,
              "pending": false,
              "context": null,
              "code": "const response = request(server())\n.get('api/users')\nconsole.log((await response).status)\nconsole.log((await response).body)",
              "err": {},
              "uuid": "3a2635cf-5da5-48f7-875a-82beeac80417",
              "parentUUID": "3aa65f4c-8c7e-484a-8e74-7f0b059d0da6",
              "isHook": false,
              "skipped": false
            }
          ],
          "suites": [],
          "passes": [
            "3a2635cf-5da5-48f7-875a-82beeac80417"
          ],
          "failures": [],
          "pending": [],
          "skipped": [],
          "duration": 111,
          "root": false,
          "rootEmpty": false,
          "_timeout": 2000
        },
        {
          "uuid": "d8023471-377b-4b78-b161-b1eb5faea9ed",
          "title": "App",
          "fullFile": "C:\\Dev\\MySkill\\MySkill - Quality Assurance\\studyCase-JavascriptAPI-reqres_in\\test\\helloWorld.js",
          "file": "\\test\\helloWorld.js",
          "beforeHooks": [],
          "afterHooks": [],
          "tests": [
            {
              "title": "app should return welcome message",
              "fullTitle": "App app should return welcome message",
              "timedOut": false,
              "duration": 0,
              "state": "passed",
              "speed": "fast",
              "pass": true,
              "fail": false,
              "pending": false,
              "context": null,
              "code": "assert.equal(app(), \"Hello World\")",
              "err": {},
              "uuid": "66bad8d5-da59-4c19-8858-e3ced1b55c37",
              "parentUUID": "d8023471-377b-4b78-b161-b1eb5faea9ed",
              "isHook": false,
              "skipped": false
            },
            {
              "title": "app data type is string",
              "fullTitle": "App app data type is string",
              "timedOut": false,
              "duration": 1,
              "state": "passed",
              "speed": "fast",
              "pass": true,
              "fail": false,
              "pending": false,
              "context": null,
              "code": "let response = app();\nassert.typeOf(response,'string')",
              "err": {},
              "uuid": "2d79daf1-3645-49ab-9fea-409eb2904b85",
              "parentUUID": "d8023471-377b-4b78-b161-b1eb5faea9ed",
              "isHook": false,
              "skipped": false
            }
          ],
          "suites": [],
          "passes": [
            "66bad8d5-da59-4c19-8858-e3ced1b55c37",
            "2d79daf1-3645-49ab-9fea-409eb2904b85"
          ],
          "failures": [],
          "pending": [],
          "skipped": [],
          "duration": 1,
          "root": false,
          "rootEmpty": false,
          "_timeout": 2000
        },
        {
          "uuid": "78902ce7-cdaf-49db-8dcb-cf462853aa00",
          "title": "Post Request for Create User",
          "fullFile": "C:\\Dev\\MySkill\\MySkill - Quality Assurance\\studyCase-JavascriptAPI-reqres_in\\test\\postDataUser.js",
          "file": "\\test\\postDataUser.js",
          "beforeHooks": [],
          "afterHooks": [],
          "tests": [
            {
              "title": "Success create user",
              "fullTitle": "Post Request for Create User Success create user",
              "timedOut": false,
              "duration": 1076,
              "state": "passed",
              "speed": "slow",
              "pass": true,
              "fail": false,
              "pending": false,
              "context": null,
              "code": "const response = request(server()).post(\"api/users\").send(DATA.CREATE_USER_DATA);\nconsole.log((await response).status);\nconsole.log((await response).body);",
              "err": {},
              "uuid": "d3606824-d0b2-45fa-92ee-6beef03c5d70",
              "parentUUID": "78902ce7-cdaf-49db-8dcb-cf462853aa00",
              "isHook": false,
              "skipped": false
            }
          ],
          "suites": [],
          "passes": [
            "d3606824-d0b2-45fa-92ee-6beef03c5d70"
          ],
          "failures": [],
          "pending": [],
          "skipped": [],
          "duration": 1076,
          "root": false,
          "rootEmpty": false,
          "_timeout": 2000
        },
        {
          "uuid": "d688445d-2959-490a-a282-b00a9dc7f39d",
          "title": "Registration for new user",
          "fullFile": "C:\\Dev\\MySkill\\MySkill - Quality Assurance\\studyCase-JavascriptAPI-reqres_in\\test\\postRegister.js",
          "file": "\\test\\postRegister.js",
          "beforeHooks": [],
          "afterHooks": [],
          "tests": [
            {
              "title": "Success registration",
              "fullTitle": "Registration for new user Success registration",
              "timedOut": false,
              "duration": 1089,
              "state": "passed",
              "speed": "slow",
              "pass": true,
              "fail": false,
              "pending": false,
              "context": null,
              "code": "const response = request(server()).post('api/register').send({\n  \"email\": \"seinki@mailsac.com\",\n  \"password\": \"seinki123\"\n})\nconsole.log((await response).status);\nconsole.log((await response).body);",
              "err": {},
              "uuid": "c63c874c-1cc6-47cc-94ac-c5dfd22467e9",
              "parentUUID": "d688445d-2959-490a-a282-b00a9dc7f39d",
              "isHook": false,
              "skipped": false
            }
          ],
          "suites": [],
          "passes": [
            "c63c874c-1cc6-47cc-94ac-c5dfd22467e9"
          ],
          "failures": [],
          "pending": [],
          "skipped": [],
          "duration": 1089,
          "root": false,
          "rootEmpty": false,
          "_timeout": 2000
        }
      ],
      "passes": [],
      "failures": [],
      "pending": [],
      "skipped": [],
      "duration": 0,
      "root": true,
      "rootEmpty": true,
      "_timeout": 2000
    }
  ],
  "meta": {
    "mocha": {
      "version": "10.2.0"
    },
    "mochawesome": {
      "options": {
        "quiet": false,
        "reportFilename": "mochawesome",
        "saveHtml": true,
        "saveJson": true,
        "consoleReporter": "spec",
        "useInlineDiffs": false,
        "code": true
      },
      "version": "7.1.3"
    },
    "marge": {
      "options": null,
      "version": "6.2.0"
    }
  }
}